Build started 2014/1/20 10:39:14.
     1>Project "C:\Users\Administrator\Documents\GitHub\opengl\OpenGLLesson3\OpenGLLesson3.vcxproj" on node 2 (build target(s)).
     1>InitializeBuildStatus:
         Creating "Debug\OpenGLLesson3.unsuccessfulbuild" because "AlwaysCreate" was specified.
       ClCompile:
         C:\Program Files (x86)\Microsoft Visual Studio 10.0\VC\bin\CL.exe /c /ZI /nologo /W3 /WX- /Od /Oy- /D WIN32 /D _DEBUG /D _CONSOLE /D _MBCS /Gm /EHsc /RTC1 /MTd /GS /fp:precise /Zc:wchar_t /Zc:forScope /Fo"Debug\\" /Fd"Debug\vc100.pdb" /Gd /TP /analyze- /errorReport:prompt main.cpp
         main.cpp
       ManifestResourceCompile:
         C:\Program Files (x86)\Microsoft SDKs\Windows\v7.0A\bin\rc.exe /nologo /fo"Debug\OpenGLLesson3.exe.embed.manifest.res" Debug\OpenGLLesson3_manifest.rc 
       Link:
         C:\Program Files (x86)\Microsoft Visual Studio 10.0\VC\bin\link.exe /ERRORREPORT:PROMPT /OUT:"Debug\OpenGLLesson3.exe" /INCREMENTAL /NOLOGO kernel32.lib user32.lib gdi32.lib winspool.lib comdlg32.lib advapi32.lib shell32.lib ole32.lib oleaut32.lib uuid.lib odbc32.lib odbccp32.lib /MANIFEST /ManifestFile:"Debug\OpenGLLesson3.exe.intermediate.manifest" /MANIFESTUAC:"level='asInvoker' uiAccess='false'" /DEBUG /PDB:"Debug\OpenGLLesson3.pdb" /SUBSYSTEM:CONSOLE /TLBID:1 /DYNAMICBASE /NXCOMPAT /IMPLIB:"Debug\OpenGLLesson3.lib" /MACHINE:X86 Debug\OpenGLLesson3.exe.embed.manifest.res
         Debug\main.obj
       Manifest:
         C:\Program Files (x86)\Microsoft SDKs\Windows\v7.0A\bin\mt.exe /nologo /verbose /out:"Debug\OpenGLLesson3.exe.embed.manifest" /manifest Debug\OpenGLLesson3.exe.intermediate.manifest
         C:\Program Files (x86)\Microsoft SDKs\Windows\v7.0A\bin\rc.exe /nologo /fo"Debug\OpenGLLesson3.exe.embed.manifest.res" Debug\OpenGLLesson3_manifest.rc 
       LinkEmbedManifest:
         C:\Program Files (x86)\Microsoft Visual Studio 10.0\VC\bin\link.exe /ERRORREPORT:PROMPT /OUT:"Debug\OpenGLLesson3.exe" /INCREMENTAL /NOLOGO kernel32.lib user32.lib gdi32.lib winspool.lib comdlg32.lib advapi32.lib shell32.lib ole32.lib oleaut32.lib uuid.lib odbc32.lib odbccp32.lib /MANIFEST /ManifestFile:"Debug\OpenGLLesson3.exe.intermediate.manifest" /MANIFESTUAC:"level='asInvoker' uiAccess='false'" /DEBUG /PDB:"Debug\OpenGLLesson3.pdb" /SUBSYSTEM:CONSOLE /TLBID:1 /DYNAMICBASE /NXCOMPAT /IMPLIB:"Debug\OpenGLLesson3.lib" /MACHINE:X86 Debug\OpenGLLesson3.exe.embed.manifest.res
         Debug\main.obj
         OpenGLLesson3.vcxproj -> C:\Users\Administrator\Documents\GitHub\opengl\OpenGLLesson3\Debug\OpenGLLesson3.exe
       FinalizeBuildStatus:
         Deleting file "Debug\OpenGLLesson3.unsuccessfulbuild".
         Touching "Debug\OpenGLLesson3.lastbuildstate".
     1>Done Building Project "C:\Users\Administrator\Documents\GitHub\opengl\OpenGLLesson3\OpenGLLesson3.vcxproj" (build target(s)).

Build succeeded.

Time Elapsed 00:00:02.56
