Build started 2014/1/20 11:22:24.
     1>Project "C:\Users\Administrator\Documents\GitHub\opengl\OpenGLLesson6\OpenGLLesson6\OpenGLLesson6.vcxproj" on node 2 (build target(s)).
     1>PrepareForBuild:
         Creating directory "C:\Users\Administrator\Documents\GitHub\opengl\OpenGLLesson6\Debug\".
       InitializeBuildStatus:
         Creating "Debug\OpenGLLesson6.unsuccessfulbuild" because "AlwaysCreate" was specified.
       ClCompile:
         C:\Program Files (x86)\Microsoft Visual Studio 10.0\VC\bin\CL.exe /c /ZI /nologo /W3 /WX- /Od /Oy- /D WIN32 /D _DEBUG /D _CONSOLE /D _UNICODE /D UNICODE /Gm /EHsc /RTC1 /MDd /GS /fp:precise /Zc:wchar_t /Zc:forScope /Fo"Debug\\" /Fd"Debug\vc100.pdb" /Gd /TP /analyze- /errorReport:prompt main.cpp
         main.cpp
       ManifestResourceCompile:
         C:\Program Files (x86)\Microsoft SDKs\Windows\v7.0A\bin\rc.exe /nologo /fo"Debug\OpenGLLesson6.exe.embed.manifest.res" Debug\OpenGLLesson6_manifest.rc 
       Link:
         C:\Program Files (x86)\Microsoft Visual Studio 10.0\VC\bin\link.exe /ERRORREPORT:PROMPT /OUT:"C:\Users\Administrator\Documents\GitHub\opengl\OpenGLLesson6\Debug\OpenGLLesson6.exe" /INCREMENTAL /NOLOGO kernel32.lib user32.lib gdi32.lib winspool.lib comdlg32.lib advapi32.lib shell32.lib ole32.lib oleaut32.lib uuid.lib odbc32.lib odbccp32.lib /MANIFEST /ManifestFile:"Debug\OpenGLLesson6.exe.intermediate.manifest" /MANIFESTUAC:"level='asInvoker' uiAccess='false'" /DEBUG /PDB:"C:\Users\Administrator\Documents\GitHub\opengl\OpenGLLesson6\Debug\OpenGLLesson6.pdb" /SUBSYSTEM:CONSOLE /TLBID:1 /DYNAMICBASE /NXCOMPAT /IMPLIB:"C:\Users\Administrator\Documents\GitHub\opengl\OpenGLLesson6\Debug\OpenGLLesson6.lib" /MACHINE:X86 Debug\OpenGLLesson6.exe.embed.manifest.res
         Debug\main.obj
       Manifest:
         C:\Program Files (x86)\Microsoft SDKs\Windows\v7.0A\bin\mt.exe /nologo /verbose /out:"Debug\OpenGLLesson6.exe.embed.manifest" /manifest Debug\OpenGLLesson6.exe.intermediate.manifest
         C:\Program Files (x86)\Microsoft SDKs\Windows\v7.0A\bin\rc.exe /nologo /fo"Debug\OpenGLLesson6.exe.embed.manifest.res" Debug\OpenGLLesson6_manifest.rc 
       LinkEmbedManifest:
         C:\Program Files (x86)\Microsoft Visual Studio 10.0\VC\bin\link.exe /ERRORREPORT:PROMPT /OUT:"C:\Users\Administrator\Documents\GitHub\opengl\OpenGLLesson6\Debug\OpenGLLesson6.exe" /INCREMENTAL /NOLOGO kernel32.lib user32.lib gdi32.lib winspool.lib comdlg32.lib advapi32.lib shell32.lib ole32.lib oleaut32.lib uuid.lib odbc32.lib odbccp32.lib /MANIFEST /ManifestFile:"Debug\OpenGLLesson6.exe.intermediate.manifest" /MANIFESTUAC:"level='asInvoker' uiAccess='false'" /DEBUG /PDB:"C:\Users\Administrator\Documents\GitHub\opengl\OpenGLLesson6\Debug\OpenGLLesson6.pdb" /SUBSYSTEM:CONSOLE /TLBID:1 /DYNAMICBASE /NXCOMPAT /IMPLIB:"C:\Users\Administrator\Documents\GitHub\opengl\OpenGLLesson6\Debug\OpenGLLesson6.lib" /MACHINE:X86 Debug\OpenGLLesson6.exe.embed.manifest.res
         Debug\main.obj
         OpenGLLesson6.vcxproj -> C:\Users\Administrator\Documents\GitHub\opengl\OpenGLLesson6\Debug\OpenGLLesson6.exe
       FinalizeBuildStatus:
         Deleting file "Debug\OpenGLLesson6.unsuccessfulbuild".
         Touching "Debug\OpenGLLesson6.lastbuildstate".
     1>Done Building Project "C:\Users\Administrator\Documents\GitHub\opengl\OpenGLLesson6\OpenGLLesson6\OpenGLLesson6.vcxproj" (build target(s)).

Build succeeded.

Time Elapsed 00:00:01.29
